<?xml version="1.0" encoding="UTF-8"?>
<testsuite xmlns:xsi="http://www.w3.org/2001/XMLSchema-instance" xsi:noNamespaceSchemaLocation="https://maven.apache.org/surefire/maven-surefire-plugin/xsd/surefire-test-report.xsd" version="3.0.2" name="com.example.ExampleResourceTest" time="91.548" tests="1" errors="0" skipped="0" failures="1">
  <properties>
[...]
</properties>
  <testcase name="testHelloEndpoint" classname="com.example.ExampleResourceTest" time="8.157">
    <failure message="1 expectation failed.&#10;Expected status code &lt;200&gt; but was &lt;500&gt;.&#10;" type="java.lang.AssertionError"><![CDATA[java.lang.AssertionError: 
1 expectation failed.
Expected status code <200> but was <500>.

	at java.base/jdk.internal.reflect.DirectConstructorHandleAccessor.newInstance(DirectConstructorHandleAccessor.java:62)
	at java.base/java.lang.reflect.Constructor.newInstanceWithCaller(Constructor.java:502)
	at java.base/java.lang.reflect.Constructor.newInstance(Constructor.java:486)
	at org.codehaus.groovy.reflection.CachedConstructor.invoke(CachedConstructor.java:73)
	at org.codehaus.groovy.runtime.callsite.ConstructorSite$ConstructorSiteNoUnwrapNoCoerce.callConstructor(ConstructorSite.java:108)
	at org.codehaus.groovy.runtime.callsite.CallSiteArray.defaultCallConstructor(CallSiteArray.java:57)
	at org.codehaus.groovy.runtime.callsite.AbstractCallSite.callConstructor(AbstractCallSite.java:263)
	at org.codehaus.groovy.runtime.callsite.AbstractCallSite.callConstructor(AbstractCallSite.java:277)
	at io.restassured.internal.ResponseSpecificationImpl$HamcrestAssertionClosure.validate(ResponseSpecificationImpl.groovy:512)
	at io.restassured.internal.ResponseSpecificationImpl$HamcrestAssertionClosure$validate$1.call(Unknown Source)
	at org.codehaus.groovy.runtime.callsite.CallSiteArray.defaultCall(CallSiteArray.java:45)
	at org.codehaus.groovy.runtime.callsite.AbstractCallSite.call(AbstractCallSite.java:125)
	at org.codehaus.groovy.runtime.callsite.AbstractCallSite.call(AbstractCallSite.java:139)
	at io.restassured.internal.ResponseSpecificationImpl.validateResponseIfRequired(ResponseSpecificationImpl.groovy:696)
	at io.restassured.internal.ResponseSpecificationImpl.this$2$validateResponseIfRequired(ResponseSpecificationImpl.groovy)
	at java.base/jdk.internal.reflect.DirectMethodHandleAccessor.invoke(DirectMethodHandleAccessor.java:103)
	at java.base/java.lang.reflect.Method.invoke(Method.java:580)
	at org.codehaus.groovy.runtime.callsite.PlainObjectMetaMethodSite.doInvoke(PlainObjectMetaMethodSite.java:43)
	at org.codehaus.groovy.runtime.callsite.PogoMetaMethodSite$PogoCachedMethodSiteNoUnwrapNoCoerce.invoke(PogoMetaMethodSite.java:198)
	at org.codehaus.groovy.runtime.callsite.PogoMetaMethodSite.callCurrent(PogoMetaMethodSite.java:62)
	at org.codehaus.groovy.runtime.callsite.CallSiteArray.defaultCallCurrent(CallSiteArray.java:49)
	at org.codehaus.groovy.runtime.callsite.AbstractCallSite.callCurrent(AbstractCallSite.java:171)
	at org.codehaus.groovy.runtime.callsite.AbstractCallSite.callCurrent(AbstractCallSite.java:185)
	at io.restassured.internal.ResponseSpecificationImpl.statusCode(ResponseSpecificationImpl.groovy:135)
	at io.restassured.specification.ResponseSpecification$statusCode$0.callCurrent(Unknown Source)
	at org.codehaus.groovy.runtime.callsite.CallSiteArray.defaultCallCurrent(CallSiteArray.java:49)
	at org.codehaus.groovy.runtime.callsite.AbstractCallSite.callCurrent(AbstractCallSite.java:171)
	at org.codehaus.groovy.runtime.callsite.AbstractCallSite.callCurrent(AbstractCallSite.java:185)
	at io.restassured.internal.ResponseSpecificationImpl.statusCode(ResponseSpecificationImpl.groovy:143)
	at io.restassured.internal.ValidatableResponseOptionsImpl.statusCode(ValidatableResponseOptionsImpl.java:89)
	at com.example.ExampleResourceTest.testHelloEndpoint(ExampleResourceTest.java:16)
	at java.base/java.lang.reflect.Method.invoke(Method.java:580)
	at io.quarkus.test.junit.QuarkusTestExtension.runExtensionMethod(QuarkusTestExtension.java:1017)
	at io.quarkus.test.junit.QuarkusTestExtension.interceptTestMethod(QuarkusTestExtension.java:831)
	at java.base/java.util.ArrayList.forEach(ArrayList.java:1596)
	at java.base/java.util.ArrayList.forEach(ArrayList.java:1596)
	Suppressed: jakarta.enterprise.inject.spi.DeploymentException: SRJWT02002: Failed to read the public key content from 'mp.jwt.verify.publickey.location'
		at io.smallrye.jwt.config.JWTAuthContextInfoProvider.getOptionalContextInfo(JWTAuthContextInfoProvider.java:708)
		at io.smallrye.jwt.config.JWTAuthContextInfoProvider.getContextInfo(JWTAuthContextInfoProvider.java:893)
		at io.smallrye.jwt.config.JWTAuthContextInfoProvider_ProducerMethod_getContextInfo_IdERZ3rgTvGnz5ERAK80guTDswo_Bean.doCreate(Unknown Source)
		at io.smallrye.jwt.config.JWTAuthContextInfoProvider_ProducerMethod_getContextInfo_IdERZ3rgTvGnz5ERAK80guTDswo_Bean.create(Unknown Source)
		at io.smallrye.jwt.config.JWTAuthContextInfoProvider_ProducerMethod_getContextInfo_IdERZ3rgTvGnz5ERAK80guTDswo_Bean.create(Unknown Source)
		at io.quarkus.arc.impl.AbstractSharedContext.createInstanceHandle(AbstractSharedContext.java:119)
		at io.quarkus.arc.impl.AbstractSharedContext$1.get(AbstractSharedContext.java:38)
		at io.quarkus.arc.impl.AbstractSharedContext$1.get(AbstractSharedContext.java:35)
		at io.quarkus.arc.generator.Default_jakarta_enterprise_context_ApplicationScoped_ContextInstances.c25(Unknown Source)
		at io.quarkus.arc.generator.Default_jakarta_enterprise_context_ApplicationScoped_ContextInstances.computeIfAbsent(Unknown Source)
		at io.quarkus.arc.impl.AbstractSharedContext.get(AbstractSharedContext.java:35)
		at io.quarkus.arc.impl.ClientProxies.getApplicationScopedDelegate(ClientProxies.java:21)
		at io.smallrye.jwt.auth.principal.JWTAuthContextInfoProvider_ProducerMethod_getContextInfo_IdERZ3rgTvGnz5ERAK80guTDswo_ClientProxy.arc$delegate(Unknown Source)
		at io.smallrye.jwt.auth.principal.JWTAuthContextInfoProvider_ProducerMethod_getContextInfo_IdERZ3rgTvGnz5ERAK80guTDswo_ClientProxy.getTokenHeader(Unknown Source)
		at io.smallrye.jwt.auth.AbstractBearerTokenExtractor.getBearerToken(AbstractBearerTokenExtractor.java:52)
		at io.quarkus.smallrye.jwt.runtime.auth.JWTAuthMechanism.authenticate(JWTAuthMechanism.java:63)
		at io.quarkus.smallrye.jwt.runtime.auth.JWTAuthMechanism_ClientProxy.authenticate(Unknown Source)
		at io.quarkus.vertx.http.runtime.security.HttpAuthenticator.createSecurityIdentity(HttpAuthenticator.java:223)
		at io.quarkus.vertx.http.runtime.security.HttpAuthenticator.attemptAuthentication(HttpAuthenticator.java:181)
		at io.quarkus.vertx.http.runtime.security.HttpSecurityRecorder$AuthenticationHandler.handle(HttpSecurityRecorder.java:284)
		at io.quarkus.vertx.http.runtime.security.HttpSecurityRecorder$AuthenticationHandler.handle(HttpSecurityRecorder.java:233)
		at io.vertx.ext.web.impl.RouteState.handleContext(RouteState.java:1285)
		at io.vertx.ext.web.impl.RoutingContextImplBase.iterateNext(RoutingContextImplBase.java:177)
		at io.vertx.ext.web.impl.RoutingContextImpl.next(RoutingContextImpl.java:137)
		at io.vertx.ext.web.impl.RouterImpl.handle(RouterImpl.java:68)
		at io.vertx.ext.web.impl.RouterImpl.handle(RouterImpl.java:37)
		at io.quarkus.vertx.http.runtime.options.HttpServerCommonHandlers$2.handle(HttpServerCommonHandlers.java:86)
		at io.quarkus.vertx.http.runtime.options.HttpServerCommonHandlers$2.handle(HttpServerCommonHandlers.java:69)
		at io.quarkus.vertx.http.runtime.VertxHttpRecorder$1.handle(VertxHttpRecorder.java:173)
		at io.quarkus.vertx.http.runtime.VertxHttpRecorder$1.handle(VertxHttpRecorder.java:149)
		at io.vertx.core.impl.ContextImpl.emit(ContextImpl.java:328)
		at io.vertx.core.impl.DuplicatedContext.emit(DuplicatedContext.java:166)
		at io.vertx.core.http.impl.Http1xServerConnection.handleMessage(Http1xServerConnection.java:174)
		at io.vertx.core.net.impl.ConnectionBase.read(ConnectionBase.java:159)
		at io.vertx.core.net.impl.VertxHandler.channelRead(VertxHandler.java:153)
		at io.netty.channel.AbstractChannelHandlerContext.invokeChannelRead(AbstractChannelHandlerContext.java:442)
		at io.netty.channel.AbstractChannelHandlerContext.invokeChannelRead(AbstractChannelHandlerContext.java:420)
		at io.netty.channel.AbstractChannelHandlerContext.fireChannelRead(AbstractChannelHandlerContext.java:412)
		at io.vertx.core.http.impl.Http1xUpgradeToH2CHandler.channelRead(Http1xUpgradeToH2CHandler.java:124)
		at io.netty.channel.AbstractChannelHandlerContext.invokeChannelRead(AbstractChannelHandlerContext.java:444)
		at io.netty.channel.AbstractChannelHandlerContext.invokeChannelRead(AbstractChannelHandlerContext.java:420)
		at io.netty.channel.AbstractChannelHandlerContext.fireChannelRead(AbstractChannelHandlerContext.java:412)
		at io.netty.handler.timeout.IdleStateHandler.channelRead(IdleStateHandler.java:289)
		at io.netty.channel.AbstractChannelHandlerContext.invokeChannelRead(AbstractChannelHandlerContext.java:442)
		at io.netty.channel.AbstractChannelHandlerContext.invokeChannelRead(AbstractChannelHandlerContext.java:420)
		at io.netty.channel.AbstractChannelHandlerContext.fireChannelRead(AbstractChannelHandlerContext.java:412)
		at io.netty.handler.codec.ByteToMessageDecoder.fireChannelRead(ByteToMessageDecoder.java:346)
		at io.netty.handler.codec.ByteToMessageDecoder.channelRead(ByteToMessageDecoder.java:318)
		at io.netty.channel.AbstractChannelHandlerContext.invokeChannelRead(AbstractChannelHandlerContext.java:444)
		at io.netty.channel.AbstractChannelHandlerContext.invokeChannelRead(AbstractChannelHandlerContext.java:420)
		at io.netty.channel.AbstractChannelHandlerContext.fireChannelRead(AbstractChannelHandlerContext.java:412)
		at io.vertx.core.http.impl.Http1xOrH2CHandler.end(Http1xOrH2CHandler.java:61)
		at io.vertx.core.http.impl.Http1xOrH2CHandler.channelRead(Http1xOrH2CHandler.java:38)
		at io.netty.channel.AbstractChannelHandlerContext.invokeChannelRead(AbstractChannelHandlerContext.java:444)
		at io.netty.channel.AbstractChannelHandlerContext.invokeChannelRead(AbstractChannelHandlerContext.java:420)
		at io.netty.channel.AbstractChannelHandlerContext.fireChannelRead(AbstractChannelHandlerContext.java:412)
		at io.netty.handler.timeout.IdleStateHandler.channelRead(IdleStateHandler.java:289)
		at io.netty.channel.AbstractChannelHandlerContext.invokeChannelRead(AbstractChannelHandlerContext.java:442)
		at io.netty.channel.AbstractChannelHandlerContext.invokeChannelRead(AbstractChannelHandlerContext.java:420)
		at io.netty.channel.AbstractChannelHandlerContext.fireChannelRead(AbstractChannelHandlerContext.java:412)
		at io.netty.channel.DefaultChannelPipeline$HeadContext.channelRead(DefaultChannelPipeline.java:1410)
		at io.netty.channel.AbstractChannelHandlerContext.invokeChannelRead(AbstractChannelHandlerContext.java:440)
		at io.netty.channel.AbstractChannelHandlerContext.invokeChannelRead(AbstractChannelHandlerContext.java:420)
		at io.netty.channel.DefaultChannelPipeline.fireChannelRead(DefaultChannelPipeline.java:919)
		at io.netty.channel.nio.AbstractNioByteChannel$NioByteUnsafe.read(AbstractNioByteChannel.java:166)
		at io.netty.channel.nio.NioEventLoop.processSelectedKey(NioEventLoop.java:788)
		at io.netty.channel.nio.NioEventLoop.processSelectedKeysOptimized(NioEventLoop.java:724)
		at io.netty.channel.nio.NioEventLoop.processSelectedKeys(NioEventLoop.java:650)
		at io.netty.channel.nio.NioEventLoop.run(NioEventLoop.java:562)
		at io.netty.util.concurrent.SingleThreadEventExecutor$4.run(SingleThreadEventExecutor.java:997)
		at io.netty.util.internal.ThreadExecutorMap$2.run(ThreadExecutorMap.java:74)
		at io.netty.util.concurrent.FastThreadLocalRunnable.run(FastThreadLocalRunnable.java:30)
		at java.base/java.lang.Thread.run(Thread.java:1583)
	Caused by: java.net.MalformedURLException: no protocol: publicKey.pem
		at java.base/java.net.URL.<init>(URL.java:772)
		at java.base/java.net.URL.<init>(URL.java:654)
		at java.base/java.net.URL.<init>(URL.java:590)
		at io.smallrye.jwt.util.ResourceUtils$UrlStreamResolver.resolve(ResourceUtils.java:122)
		at io.smallrye.jwt.util.ResourceUtils.getResourceStream(ResourceUtils.java:82)
		at io.smallrye.jwt.util.ResourceUtils.readResource(ResourceUtils.java:45)
		at io.smallrye.jwt.util.ResourceUtils.readResource(ResourceUtils.java:40)
		at io.smallrye.jwt.config.JWTAuthContextInfoProvider.getOptionalContextInfo(JWTAuthContextInfoProvider.java:703)
		... 72 more
]]></failure>
    <system-out><![CDATA[2025-09-01 19:05:52,576 INFO  [liq.database] (main) Set default schema name to microservice
2025-09-01 19:05:53,239 INFO  [liq.lockservice] (main) Successfully acquired change log lock
2025-09-01 19:05:56,291 INFO  [liq.changelog] (main) Reading from microservice.databasechangelog
No validation errors found.
2025-09-01 19:05:56,529 INFO  [liq.command] (main) Command execution complete
2025-09-01 19:05:56,751 INFO  [liq.changelog] (main) Reading from microservice.databasechangelog
Database is up to date, no changesets to execute
2025-09-01 19:05:56,864 INFO  [liq.changelog] (main) Reading from microservice.databasechangelog

UPDATE SUMMARY
Run:                          0
Previously run:              11
Filtered out:                 0
-------------------------------
Total change sets:           11

2025-09-01 19:05:56,960 INFO  [liq.util] (main) UPDATE SUMMARY
2025-09-01 19:05:56,961 INFO  [liq.util] (main) Run:                          0
2025-09-01 19:05:56,961 INFO  [liq.util] (main) Previously run:              11
2025-09-01 19:05:56,962 INFO  [liq.util] (main) Filtered out:                 0
2025-09-01 19:05:56,962 INFO  [liq.util] (main) -------------------------------
2025-09-01 19:05:56,963 INFO  [liq.util] (main) Total change sets:           11
2025-09-01 19:05:56,968 INFO  [liq.util] (main) Update summary generated
2025-09-01 19:05:56,981 INFO  [liq.lockservice] (main) Successfully released change log lock
2025-09-01 19:05:56,984 INFO  [liq.command] (main) Command execution complete
2025-09-01 19:05:56,998 INFO  [liq.lockservice] (main) Successfully released change log lock
2025-09-01 19:06:03,080 INFO  [io.quarkus] (main) demo 1.0-SNAPSHOT on JVM (powered by Quarkus 3.12.0) started in 43.993s. Listening on: http://localhost:8081
2025-09-01 19:06:03,093 INFO  [io.quarkus] (main) Profile test activated. 
2025-09-01 19:06:03,094 INFO  [io.quarkus] (main) Installed features: [agroal, cdi, hibernate-orm, hibernate-orm-panache, jdbc-postgresql, liquibase, narayana-jta, rest, rest-jackson, security, smallrye-context-propagation, smallrye-jwt, vertx]
2025-09-01 19:06:10,614 ERROR [io.qua.ver.htt.run.QuarkusErrorHandler] (vert.x-eventloop-thread-0) HTTP Request to /hello failed, error id: 9c6abce5-d249-4015-bf35-658a833fdade-1: jakarta.enterprise.inject.spi.DeploymentException: SRJWT02002: Failed to read the public key content from 'mp.jwt.verify.publickey.location'
	at io.smallrye.jwt.config.JWTAuthContextInfoProvider.getOptionalContextInfo(JWTAuthContextInfoProvider.java:708)
	at io.smallrye.jwt.config.JWTAuthContextInfoProvider.getContextInfo(JWTAuthContextInfoProvider.java:893)
	at io.smallrye.jwt.config.JWTAuthContextInfoProvider_ProducerMethod_getContextInfo_IdERZ3rgTvGnz5ERAK80guTDswo_Bean.doCreate(Unknown Source)
	at io.smallrye.jwt.config.JWTAuthContextInfoProvider_ProducerMethod_getContextInfo_IdERZ3rgTvGnz5ERAK80guTDswo_Bean.create(Unknown Source)
	at io.smallrye.jwt.config.JWTAuthContextInfoProvider_ProducerMethod_getContextInfo_IdERZ3rgTvGnz5ERAK80guTDswo_Bean.create(Unknown Source)
	at io.quarkus.arc.impl.AbstractSharedContext.createInstanceHandle(AbstractSharedContext.java:119)
	at io.quarkus.arc.impl.AbstractSharedContext$1.get(AbstractSharedContext.java:38)
	at io.quarkus.arc.impl.AbstractSharedContext$1.get(AbstractSharedContext.java:35)
	at io.quarkus.arc.generator.Default_jakarta_enterprise_context_ApplicationScoped_ContextInstances.c25(Unknown Source)
	at io.quarkus.arc.generator.Default_jakarta_enterprise_context_ApplicationScoped_ContextInstances.computeIfAbsent(Unknown Source)
	at io.quarkus.arc.impl.AbstractSharedContext.get(AbstractSharedContext.java:35)
	at io.quarkus.arc.impl.ClientProxies.getApplicationScopedDelegate(ClientProxies.java:21)
	at io.smallrye.jwt.auth.principal.JWTAuthContextInfoProvider_ProducerMethod_getContextInfo_IdERZ3rgTvGnz5ERAK80guTDswo_ClientProxy.arc$delegate(Unknown Source)
	at io.smallrye.jwt.auth.principal.JWTAuthContextInfoProvider_ProducerMethod_getContextInfo_IdERZ3rgTvGnz5ERAK80guTDswo_ClientProxy.getTokenHeader(Unknown Source)
	at io.smallrye.jwt.auth.AbstractBearerTokenExtractor.getBearerToken(AbstractBearerTokenExtractor.java:52)
	at io.quarkus.smallrye.jwt.runtime.auth.JWTAuthMechanism.authenticate(JWTAuthMechanism.java:63)
	at io.quarkus.smallrye.jwt.runtime.auth.JWTAuthMechanism_ClientProxy.authenticate(Unknown Source)
	at io.quarkus.vertx.http.runtime.security.HttpAuthenticator.createSecurityIdentity(HttpAuthenticator.java:223)
	at io.quarkus.vertx.http.runtime.security.HttpAuthenticator.attemptAuthentication(HttpAuthenticator.java:181)
	at io.quarkus.vertx.http.runtime.security.HttpSecurityRecorder$AuthenticationHandler.handle(HttpSecurityRecorder.java:284)
	at io.quarkus.vertx.http.runtime.security.HttpSecurityRecorder$AuthenticationHandler.handle(HttpSecurityRecorder.java:233)
	at io.vertx.ext.web.impl.RouteState.handleContext(RouteState.java:1285)
	at io.vertx.ext.web.impl.RoutingContextImplBase.iterateNext(RoutingContextImplBase.java:177)
	at io.vertx.ext.web.impl.RoutingContextImpl.next(RoutingContextImpl.java:137)
	at io.vertx.ext.web.impl.RouterImpl.handle(RouterImpl.java:68)
	at io.vertx.ext.web.impl.RouterImpl.handle(RouterImpl.java:37)
	at io.quarkus.vertx.http.runtime.options.HttpServerCommonHandlers$2.handle(HttpServerCommonHandlers.java:86)
	at io.quarkus.vertx.http.runtime.options.HttpServerCommonHandlers$2.handle(HttpServerCommonHandlers.java:69)
	at io.quarkus.vertx.http.runtime.VertxHttpRecorder$1.handle(VertxHttpRecorder.java:173)
	at io.quarkus.vertx.http.runtime.VertxHttpRecorder$1.handle(VertxHttpRecorder.java:149)
	at io.vertx.core.impl.ContextImpl.emit(ContextImpl.java:328)
	at io.vertx.core.impl.DuplicatedContext.emit(DuplicatedContext.java:166)
	at io.vertx.core.http.impl.Http1xServerConnection.handleMessage(Http1xServerConnection.java:174)
	at io.vertx.core.net.impl.ConnectionBase.read(ConnectionBase.java:159)
	at io.vertx.core.net.impl.VertxHandler.channelRead(VertxHandler.java:153)
	at io.netty.channel.AbstractChannelHandlerContext.invokeChannelRead(AbstractChannelHandlerContext.java:442)
	at io.netty.channel.AbstractChannelHandlerContext.invokeChannelRead(AbstractChannelHandlerContext.java:420)
	at io.netty.channel.AbstractChannelHandlerContext.fireChannelRead(AbstractChannelHandlerContext.java:412)
	at io.vertx.core.http.impl.Http1xUpgradeToH2CHandler.channelRead(Http1xUpgradeToH2CHandler.java:124)
	at io.netty.channel.AbstractChannelHandlerContext.invokeChannelRead(AbstractChannelHandlerContext.java:444)
	at io.netty.channel.AbstractChannelHandlerContext.invokeChannelRead(AbstractChannelHandlerContext.java:420)
	at io.netty.channel.AbstractChannelHandlerContext.fireChannelRead(AbstractChannelHandlerContext.java:412)
	at io.netty.handler.timeout.IdleStateHandler.channelRead(IdleStateHandler.java:289)
	at io.netty.channel.AbstractChannelHandlerContext.invokeChannelRead(AbstractChannelHandlerContext.java:442)
	at io.netty.channel.AbstractChannelHandlerContext.invokeChannelRead(AbstractChannelHandlerContext.java:420)
	at io.netty.channel.AbstractChannelHandlerContext.fireChannelRead(AbstractChannelHandlerContext.java:412)
	at io.netty.handler.codec.ByteToMessageDecoder.fireChannelRead(ByteToMessageDecoder.java:346)
	at io.netty.handler.codec.ByteToMessageDecoder.channelRead(ByteToMessageDecoder.java:318)
	at io.netty.channel.AbstractChannelHandlerContext.invokeChannelRead(AbstractChannelHandlerContext.java:444)
	at io.netty.channel.AbstractChannelHandlerContext.invokeChannelRead(AbstractChannelHandlerContext.java:420)
	at io.netty.channel.AbstractChannelHandlerContext.fireChannelRead(AbstractChannelHandlerContext.java:412)
	at io.vertx.core.http.impl.Http1xOrH2CHandler.end(Http1xOrH2CHandler.java:61)
	at io.vertx.core.http.impl.Http1xOrH2CHandler.channelRead(Http1xOrH2CHandler.java:38)
	at io.netty.channel.AbstractChannelHandlerContext.invokeChannelRead(AbstractChannelHandlerContext.java:444)
	at io.netty.channel.AbstractChannelHandlerContext.invokeChannelRead(AbstractChannelHandlerContext.java:420)
	at io.netty.channel.AbstractChannelHandlerContext.fireChannelRead(AbstractChannelHandlerContext.java:412)
	at io.netty.handler.timeout.IdleStateHandler.channelRead(IdleStateHandler.java:289)
	at io.netty.channel.AbstractChannelHandlerContext.invokeChannelRead(AbstractChannelHandlerContext.java:442)
	at io.netty.channel.AbstractChannelHandlerContext.invokeChannelRead(AbstractChannelHandlerContext.java:420)
	at io.netty.channel.AbstractChannelHandlerContext.fireChannelRead(AbstractChannelHandlerContext.java:412)
	at io.netty.channel.DefaultChannelPipeline$HeadContext.channelRead(DefaultChannelPipeline.java:1410)
	at io.netty.channel.AbstractChannelHandlerContext.invokeChannelRead(AbstractChannelHandlerContext.java:440)
	at io.netty.channel.AbstractChannelHandlerContext.invokeChannelRead(AbstractChannelHandlerContext.java:420)
	at io.netty.channel.DefaultChannelPipeline.fireChannelRead(DefaultChannelPipeline.java:919)
	at io.netty.channel.nio.AbstractNioByteChannel$NioByteUnsafe.read(AbstractNioByteChannel.java:166)
	at io.netty.channel.nio.NioEventLoop.processSelectedKey(NioEventLoop.java:788)
	at io.netty.channel.nio.NioEventLoop.processSelectedKeysOptimized(NioEventLoop.java:724)
	at io.netty.channel.nio.NioEventLoop.processSelectedKeys(NioEventLoop.java:650)
	at io.netty.channel.nio.NioEventLoop.run(NioEventLoop.java:562)
	at io.netty.util.concurrent.SingleThreadEventExecutor$4.run(SingleThreadEventExecutor.java:997)
	at io.netty.util.internal.ThreadExecutorMap$2.run(ThreadExecutorMap.java:74)
	at io.netty.util.concurrent.FastThreadLocalRunnable.run(FastThreadLocalRunnable.java:30)
	at java.base/java.lang.Thread.run(Thread.java:1583)
Caused by: java.net.MalformedURLException: no protocol: publicKey.pem
	at java.base/java.net.URL.<init>(URL.java:772)
	at java.base/java.net.URL.<init>(URL.java:654)
	at java.base/java.net.URL.<init>(URL.java:590)
	at io.smallrye.jwt.util.ResourceUtils$UrlStreamResolver.resolve(ResourceUtils.java:122)
	at io.smallrye.jwt.util.ResourceUtils.getResourceStream(ResourceUtils.java:82)
	at io.smallrye.jwt.util.ResourceUtils.readResource(ResourceUtils.java:45)
	at io.smallrye.jwt.util.ResourceUtils.readResource(ResourceUtils.java:40)
	at io.smallrye.jwt.config.JWTAuthContextInfoProvider.getOptionalContextInfo(JWTAuthContextInfoProvider.java:703)
	... 72 more

]]></system-out>
  </testcase>
</testsuite>